<?xml version="1.0" encoding="UTF-8"?>
<testng-results skipped="0" failed="0" total="1" passed="1">
  <reporter-output>
  </reporter-output>
  <suite name="Default suite" duration-ms="4348" started-at="2022-05-17T02:31:59Z" finished-at="2022-05-17T02:32:04Z">
    <groups>
    </groups>
    <test name="Default test" duration-ms="4348" started-at="2022-05-17T02:31:59Z" finished-at="2022-05-17T02:32:04Z">
      <class name="testscript.CreatePlaceIdAPIUsingPostRequest">
        <test-method status="PASS" signature="postRequest()[pri:0, instance:testscript.CreatePlaceIdAPIUsingPostRequest@d041cf]" name="postRequest" duration-ms="4336" started-at="2022-05-16T22:31:59Z" finished-at="2022-05-16T22:32:04Z">
          <reporter-output>
          </reporter-output>
        </test-method> <!-- postRequest -->
      </class> <!-- testscript.CreatePlaceIdAPIUsingPostRequest -->
    </test> <!-- Default test -->
  </suite> <!-- Default suite -->
</testng-results>
